# JRE version: OpenJDK Runtime Environment Corretto-17.0.7.7.1 (17.0.7+7) (build 17.0.7+7-LTS)
# Java VM: OpenJDK 64-Bit Server VM Corretto-17.0.7.7.1 (17.0.7+7-LTS, mixed mode, sharing, tiered, compressed oops, compressed class ptrs, g1 gc, bsd-aarch64)
GC Precious Log:
 CPUs: 8 total, 8 available
 Memory: 8192M
 Large Page Support: Disabled
 NUMA Support: Disabled
 Compressed Oops: Enabled (Zero based)
 Heap Region Size: 1M
 Heap Min Capacity: 8M
 Heap Initial Capacity: 128M
 Heap Max Capacity: 2G
 Pre-touch: Disabled
 Parallel Workers: 8
 Concurrent Workers: 2
 Concurrent Refinement Workers: 8
 Periodic GC: Disabled
Heap:
 garbage-first heap   total 55296K, used 36558K [0x0000000780000000, 0x0000000800000000)
  region size 1024K, 21 young (21504K), 2 survivors (2048K)
 Metaspace       used 28503K, committed 28864K, reserved 1114112K
  class space    used 3683K, committed 3840K, reserved 1048576K
GC Heap History (20 events):
Event: 14.639 GC heap before
{Heap before GC invocations=10 (full 0):
 garbage-first heap   total 55296K, used 42183K [0x0000000780000000, 0x0000000800000000)
  region size 1024K, 26 young (26624K), 2 survivors (2048K)
 Metaspace       used 27508K, committed 27840K, reserved 1114112K
  class space    used 3497K, committed 3648K, reserved 1048576K
}
Event: 14.640 GC heap after
{Heap after GC invocations=11 (full 0):
 garbage-first heap   total 55296K, used 17570K [0x0000000780000000, 0x0000000800000000)
  region size 1024K, 2 young (2048K), 2 survivors (2048K)
 Metaspace       used 27508K, committed 27840K, reserved 1114112K
  class space    used 3497K, committed 3648K, reserved 1048576K
}
Event: 16.078 GC heap before
{Heap before GC invocations=11 (full 0):
 garbage-first heap   total 55296K, used 41122K [0x0000000780000000, 0x0000000800000000)
  region size 1024K, 26 young (26624K), 2 survivors (2048K)
 Metaspace       used 28160K, committed 28480K, reserved 1114112K
  class space    used 3633K, committed 3776K, reserved 1048576K
}
Event: 16.079 GC heap after
{Heap after GC invocations=12 (full 0):
 garbage-first heap   total 55296K, used 17912K [0x0000000780000000, 0x0000000800000000)
  region size 1024K, 2 young (2048K), 2 survivors (2048K)
 Metaspace       used 28160K, committed 28480K, reserved 1114112K
  class space    used 3633K, committed 3776K, reserved 1048576K
}
Event: 17.751 GC heap before
{Heap before GC invocations=12 (full 0):
 garbage-first heap   total 55296K, used 43512K [0x0000000780000000, 0x0000000800000000)
  region size 1024K, 27 young (27648K), 2 survivors (2048K)
 Metaspace       used 28188K, committed 28480K, reserved 1114112K
  class space    used 3633K, committed 3776K, reserved 1048576K
}
Event: 17.752 GC heap after
{Heap after GC invocations=13 (full 0):
 garbage-first heap   total 55296K, used 17998K [0x0000000780000000, 0x0000000800000000)
  region size 1024K, 2 young (2048K), 2 survivors (2048K)
 Metaspace       used 28188K, committed 28480K, reserved 1114112K
  class space    used 3633K, committed 3776K, reserved 1048576K
}
Event: 19.389 GC heap before
{Heap before GC invocations=13 (full 0):
 garbage-first heap   total 55296K, used 43598K [0x0000000780000000, 0x0000000800000000)
  region size 1024K, 27 young (27648K), 2 survivors (2048K)
 Metaspace       used 28365K, committed 28672K, reserved 1114112K
  class space    used 3678K, committed 3840K, reserved 1048576K
}
Event: 19.389 GC heap after
{Heap after GC invocations=14 (full 0):
 garbage-first heap   total 55296K, used 18083K [0x0000000780000000, 0x0000000800000000)
  region size 1024K, 2 young (2048K), 2 survivors (2048K)
 Metaspace       used 28365K, committed 28672K, reserved 1114112K
  class space    used 3678K, committed 3840K, reserved 1048576K
}
Event: 21.088 GC heap before
{Heap before GC invocations=14 (full 0):
 garbage-first heap   total 55296K, used 43683K [0x0000000780000000, 0x0000000800000000)
  region size 1024K, 27 young (27648K), 2 survivors (2048K)
 Metaspace       used 28383K, committed 28672K, reserved 1114112K
  class space    used 3678K, committed 3840K, reserved 1048576K
}
Event: 21.089 GC heap after
{Heap after GC invocations=15 (full 0):
 garbage-first heap   total 55296K, used 18180K [0x0000000780000000, 0x0000000800000000)
  region size 1024K, 2 young (2048K), 2 survivors (2048K)
 Metaspace       used 28383K, committed 28672K, reserved 1114112K
  class space    used 3678K, committed 3840K, reserved 1048576K
}
Event: 23.028 GC heap before
{Heap before GC invocations=15 (full 0):
 garbage-first heap   total 55296K, used 44804K [0x0000000780000000, 0x0000000800000000)
  region size 1024K, 28 young (28672K), 2 survivors (2048K)
 Metaspace       used 28395K, committed 28736K, reserved 1114112K
  class space    used 3678K, committed 3840K, reserved 1048576K
}
Event: 23.029 GC heap after
{Heap after GC invocations=16 (full 0):
 garbage-first heap   total 55296K, used 18100K [0x0000000780000000, 0x0000000800000000)
  region size 1024K, 2 young (2048K), 2 survivors (2048K)
 Metaspace       used 28395K, committed 28736K, reserved 1114112K
  class space    used 3678K, committed 3840K, reserved 1048576K
}
Event: 26.964 GC heap before
{Heap before GC invocations=16 (full 0):
 garbage-first heap   total 55296K, used 44724K [0x0000000780000000, 0x0000000800000000)
  region size 1024K, 28 young (28672K), 2 survivors (2048K)
 Metaspace       used 28435K, committed 28736K, reserved 1114112K
  class space    used 3679K, committed 3840K, reserved 1048576K
}
Event: 26.964 GC heap after
{Heap after GC invocations=17 (full 0):
 garbage-first heap   total 55296K, used 18168K [0x0000000780000000, 0x0000000800000000)
  region size 1024K, 2 young (2048K), 2 survivors (2048K)
 Metaspace       used 28435K, committed 28736K, reserved 1114112K
  class space    used 3679K, committed 3840K, reserved 1048576K
}
Event: 28.830 GC heap before
{Heap before GC invocations=17 (full 0):
 garbage-first heap   total 55296K, used 44792K [0x0000000780000000, 0x0000000800000000)
  region size 1024K, 28 young (28672K), 2 survivors (2048K)
 Metaspace       used 28456K, committed 28736K, reserved 1114112K
  class space    used 3680K, committed 3840K, reserved 1048576K
}
Event: 28.831 GC heap after
{Heap after GC invocations=18 (full 0):
 garbage-first heap   total 55296K, used 18117K [0x0000000780000000, 0x0000000800000000)
  region size 1024K, 2 young (2048K), 2 survivors (2048K)
 Metaspace       used 28456K, committed 28736K, reserved 1114112K
  class space    used 3680K, committed 3840K, reserved 1048576K
}
Event: 30.631 GC heap before
{Heap before GC invocations=18 (full 0):
 garbage-first heap   total 55296K, used 44741K [0x0000000780000000, 0x0000000800000000)
  region size 1024K, 28 young (28672K), 2 survivors (2048K)
 Metaspace       used 28458K, committed 28736K, reserved 1114112K
  class space    used 3680K, committed 3840K, reserved 1048576K
}
Event: 30.632 GC heap after
{Heap after GC invocations=19 (full 0):
 garbage-first heap   total 55296K, used 18124K [0x0000000780000000, 0x0000000800000000)
  region size 1024K, 2 young (2048K), 2 survivors (2048K)
 Metaspace       used 28458K, committed 28736K, reserved 1114112K
  class space    used 3680K, committed 3840K, reserved 1048576K
}
Event: 32.380 GC heap before
{Heap before GC invocations=19 (full 0):
 garbage-first heap   total 55296K, used 44748K [0x0000000780000000, 0x0000000800000000)
  region size 1024K, 28 young (28672K), 2 survivors (2048K)
 Metaspace       used 28460K, committed 28736K, reserved 1114112K
  class space    used 3680K, committed 3840K, reserved 1048576K
}
Event: 32.381 GC heap after
{Heap after GC invocations=20 (full 0):
 garbage-first heap   total 55296K, used 18126K [0x0000000780000000, 0x0000000800000000)
  region size 1024K, 2 young (2048K), 2 survivors (2048K)
 Metaspace       used 28460K, committed 28736K, reserved 1114112K
  class space    used 3680K, committed 3840K, reserved 1048576K
}

